# JRE version: Java(TM) SE Runtime Environment (7.0_60-b19) (build 1.7.0_60-b19)
# Java VM: Java HotSpot(TM) Client VM (24.60-b09 mixed mode linux-arm )
Heap
 def new generation   total 4480K, used 1434K [0x61800000, 0x61cc0000, 0x66540000)
  eden space 4096K,  33% used [0x61800000, 0x61959ca8, 0x61c00000)
  from space 384K,  13% used [0x61c60000, 0x61c6cd68, 0x61cc0000)
  to   space 384K,   0% used [0x61c00000, 0x61c00000, 0x61c60000)
 tenured generation   total 9984K, used 4177K [0x66540000, 0x66f00000, 0x70000000)
   the space 9984K,  41% used [0x66540000, 0x66954768, 0x66954800, 0x66f00000)
 compacting perm gen  total 12288K, used 7345K [0x70000000, 0x70c00000, 0x74000000)
   the space 12288K,  59% used [0x70000000, 0x7072c4e8, 0x7072c600, 0x70c00000)
GC Heap History (10 events):
Event: 52.760 GC heap before
{Heap before GC invocations=20 (full 0):
 def new generation   total 4480K, used 4199K [0x61800000, 0x61cc0000, 0x66540000)
  eden space 4096K, 100% used [0x61800000, 0x61c00000, 0x61c00000)
  from space 384K,  26% used [0x61c00000, 0x61c19c60, 0x61c60000)
  to   space 384K,   0% used [0x61c60000, 0x61c60000, 0x61cc0000)
 tenured generation   total 9984K, used 4118K [0x66540000, 0x66f00000, 0x70000000)
   the space 9984K,  41% used [0x66540000, 0x66945ad8, 0x66945c00, 0x66f00000)
 compacting perm gen  total 12288K, used 7311K [0x70000000, 0x70c00000, 0x74000000)
   the space 12288K,  59% used [0x70000000, 0x70723f08, 0x70724000, 0x70c00000)
No shared spaces configured.
Event: 52.768 GC heap after
Heap after GC invocations=21 (full 0):
 def new generation   total 4480K, used 110K [0x61800000, 0x61cc0000, 0x66540000)
  eden space 4096K,   0% used [0x61800000, 0x61800000, 0x61c00000)
  from space 384K,  28% used [0x61c60000, 0x61c7ba80, 0x61cc0000)
  to   space 384K,   0% used [0x61c00000, 0x61c00000, 0x61c60000)
 tenured generation   total 9984K, used 4118K [0x66540000, 0x66f00000, 0x70000000)
   the space 9984K,  41% used [0x66540000, 0x66945ad8, 0x66945c00, 0x66f00000)
 compacting perm gen  total 12288K, used 7311K [0x70000000, 0x70c00000, 0x74000000)
   the space 12288K,  59% used [0x70000000, 0x70723f08, 0x70724000, 0x70c00000)
No shared spaces configured.
}
Event: 56.282 GC heap before
{Heap before GC invocations=21 (full 0):
 def new generation   total 4480K, used 4206K [0x61800000, 0x61cc0000, 0x66540000)
  eden space 4096K, 100% used [0x61800000, 0x61c00000, 0x61c00000)
  from space 384K,  28% used [0x61c60000, 0x61c7ba80, 0x61cc0000)
  to   space 384K,   0% used [0x61c00000, 0x61c00000, 0x61c60000)
 tenured generation   total 9984K, used 4118K [0x66540000, 0x66f00000, 0x70000000)
   the space 9984K,  41% used [0x66540000, 0x66945ad8, 0x66945c00, 0x66f00000)
 compacting perm gen  total 12288K, used 7311K [0x70000000, 0x70c00000, 0x74000000)
   the space 12288K,  59% used [0x70000000, 0x70723f08, 0x70724000, 0x70c00000)
No shared spaces configured.
Event: 56.287 GC heap after
Heap after GC invocations=22 (full 0):
 def new generation   total 4480K, used 115K [0x61800000, 0x61cc0000, 0x66540000)
  eden space 4096K,   0% used [0x61800000, 0x61800000, 0x61c00000)
  from space 384K,  30% used [0x61c00000, 0x61c1ce00, 0x61c60000)
  to   space 384K,   0% used [0x61c60000, 0x61c60000, 0x61cc0000)
 tenured generation   total 9984K, used 4118K [0x66540000, 0x66f00000, 0x70000000)
   the space 9984K,  41% used [0x66540000, 0x66945ad8, 0x66945c00, 0x66f00000)
 compacting perm gen  total 12288K, used 7311K [0x70000000, 0x70c00000, 0x74000000)
   the space 12288K,  59% used [0x70000000, 0x70723f08, 0x70724000, 0x70c00000)
No shared spaces configured.
}
Event: 60.058 GC heap before
{Heap before GC invocations=22 (full 0):
 def new generation   total 4480K, used 4211K [0x61800000, 0x61cc0000, 0x66540000)
  eden space 4096K, 100% used [0x61800000, 0x61c00000, 0x61c00000)
  from space 384K,  30% used [0x61c00000, 0x61c1ce00, 0x61c60000)
  to   space 384K,   0% used [0x61c60000, 0x61c60000, 0x61cc0000)
 tenured generation   total 9984K, used 4118K [0x66540000, 0x66f00000, 0x70000000)
   the space 9984K,  41% used [0x66540000, 0x66945ad8, 0x66945c00, 0x66f00000)
 compacting perm gen  total 12288K, used 7311K [0x70000000, 0x70c00000, 0x74000000)
   the space 12288K,  59% used [0x70000000, 0x70723f08, 0x70724000, 0x70c00000)
No shared spaces configured.
Event: 60.063 GC heap after
Heap after GC invocations=23 (full 0):
 def new generation   total 4480K, used 113K [0x61800000, 0x61cc0000, 0x66540000)
  eden space 4096K,   0% used [0x61800000, 0x61800000, 0x61c00000)
  from space 384K,  29% used [0x61c60000, 0x61c7c668, 0x61cc0000)
  to   space 384K,   0% used [0x61c00000, 0x61c00000, 0x61c60000)
 tenured generation   total 9984K, used 4118K [0x66540000, 0x66f00000, 0x70000000)
   the space 9984K,  41% used [0x66540000, 0x66945ad8, 0x66945c00, 0x66f00000)
 compacting perm gen  total 12288K, used 7311K [0x70000000, 0x70c00000, 0x74000000)
   the space 12288K,  59% used [0x70000000, 0x70723f08, 0x70724000, 0x70c00000)
No shared spaces configured.
}
Event: 62.705 GC heap before
{Heap before GC invocations=23 (full 0):
 def new generation   total 4480K, used 4209K [0x61800000, 0x61cc0000, 0x66540000)
  eden space 4096K, 100% used [0x61800000, 0x61c00000, 0x61c00000)
  from space 384K,  29% used [0x61c60000, 0x61c7c668, 0x61cc0000)
  to   space 384K,   0% used [0x61c00000, 0x61c00000, 0x61c60000)
 tenured generation   total 9984K, used 4118K [0x66540000, 0x66f00000, 0x70000000)
   the space 9984K,  41% used [0x66540000, 0x66945ad8, 0x66945c00, 0x66f00000)
 compacting perm gen  total 12288K, used 7311K [0x70000000, 0x70c00000, 0x74000000)
   the space 12288K,  59% used [0x70000000, 0x70723f08, 0x70724000, 0x70c00000)
No shared spaces configured.
Event: 62.713 GC heap after
Heap after GC invocations=24 (full 0):
 def new generation   total 4480K, used 51K [0x61800000, 0x61cc0000, 0x66540000)
  eden space 4096K,   0% used [0x61800000, 0x61800000, 0x61c00000)
  from space 384K,  13% used [0x61c00000, 0x61c0cc60, 0x61c60000)
  to   space 384K,   0% used [0x61c60000, 0x61c60000, 0x61cc0000)
 tenured generation   total 9984K, used 4177K [0x66540000, 0x66f00000, 0x70000000)
   the space 9984K,  41% used [0x66540000, 0x669546a0, 0x66954800, 0x66f00000)
 compacting perm gen  total 12288K, used 7311K [0x70000000, 0x70c00000, 0x74000000)
   the space 12288K,  59% used [0x70000000, 0x70723f08, 0x70724000, 0x70c00000)
No shared spaces configured.
}
Event: 66.682 GC heap before
{Heap before GC invocations=24 (full 0):
 def new generation   total 4480K, used 4147K [0x61800000, 0x61cc0000, 0x66540000)
  eden space 4096K, 100% used [0x61800000, 0x61c00000, 0x61c00000)
  from space 384K,  13% used [0x61c00000, 0x61c0cc60, 0x61c60000)
  to   space 384K,   0% used [0x61c60000, 0x61c60000, 0x61cc0000)
 tenured generation   total 9984K, used 4177K [0x66540000, 0x66f00000, 0x70000000)
   the space 9984K,  41% used [0x66540000, 0x669546a0, 0x66954800, 0x66f00000)
 compacting perm gen  total 12288K, used 7311K [0x70000000, 0x70c00000, 0x74000000)
   the space 12288K,  59% used [0x70000000, 0x70723f08, 0x70724000, 0x70c00000)
No shared spaces configured.
Event: 66.689 GC heap after
Heap after GC invocations=25 (full 0):
 def new generation   total 4480K, used 51K [0x61800000, 0x61cc0000, 0x66540000)
  eden space 4096K,   0% used [0x61800000, 0x61800000, 0x61c00000)
  from space 384K,  13% used [0x61c60000, 0x61c6cd68, 0x61cc0000)
  to   space 384K,   0% used [0x61c00000, 0x61c00000, 0x61c60000)
 tenured generation   total 9984K, used 4177K [0x66540000, 0x66f00000, 0x70000000)
   the space 9984K,  41% used [0x66540000, 0x66954768, 0x66954800, 0x66f00000)
 compacting perm gen  total 12288K, used 7311K [0x70000000, 0x70c00000, 0x74000000)
   the space 12288K,  59% used [0x70000000, 0x70723f08, 0x70724000, 0x70c00000)
No shared spaces configured.
}

